<?xml version="1.0" encoding="UTF-8"?>
<!-- Generated by org.testng.reporters.JUnitXMLReporter -->
<testsuite hostname="ManviAgarwal" ignored="0" name="Test" tests="13" failures="3" timestamp="2020-08-21T18:52:04 IST" time="0.98" errors="0">
  <testcase name="@BeforeMethod beforeMethod" time="0.072" classname="DailyScriptsAPIs_Bata.RegisterAccount01">
    <failure type="java.lang.IllegalStateException" message="The driver executable does not exist: D:\home\harish\Harish\Jar files\chromedriver_linux64 (3)\chromedriver">
      <![CDATA[java.lang.IllegalStateException: The driver executable does not exist: D:\home\harish\Harish\Jar files\chromedriver_linux64 (3)\chromedriver
at com.google.common.base.Preconditions.checkState(Preconditions.java:199)
at org.openqa.selenium.remote.service.DriverService.checkExecutable(DriverService.java:117)
at org.openqa.selenium.remote.service.DriverService.findExecutable(DriverService.java:112)
at org.openqa.selenium.chrome.ChromeDriverService.createDefaultService(ChromeDriverService.java:89)
at org.openqa.selenium.chrome.ChromeDriver.<init>(ChromeDriver.java:117)
at DailyScriptsAPIs_Bata.RegisterAccount01.beforeMethod(RegisterAccount01.java:47)
at java.util.ArrayList.forEach(ArrayList.java:1259)
... Removed 31 stack frames]]>
    </failure>
  </testcase> <!-- @BeforeMethod beforeMethod -->
  <testcase name="@BeforeMethod beforeMethod" time="0.049" classname="DailyScriptsAPIs_Bata.SearchMember01">
    <failure type="java.lang.IllegalStateException" message="The driver executable does not exist: D:\home\harish\Harish\Jar files\chromedriver_linux64 (3)\chromedriver">
      <![CDATA[java.lang.IllegalStateException: The driver executable does not exist: D:\home\harish\Harish\Jar files\chromedriver_linux64 (3)\chromedriver
at com.google.common.base.Preconditions.checkState(Preconditions.java:199)
at org.openqa.selenium.remote.service.DriverService.checkExecutable(DriverService.java:117)
at org.openqa.selenium.remote.service.DriverService.findExecutable(DriverService.java:112)
at org.openqa.selenium.chrome.ChromeDriverService.createDefaultService(ChromeDriverService.java:89)
at org.openqa.selenium.chrome.ChromeDriver.<init>(ChromeDriver.java:117)
at DailyScriptsAPIs_Bata.SearchMember01.beforeMethod(SearchMember01.java:46)
at java.util.ArrayList.forEach(ArrayList.java:1259)
... Removed 31 stack frames]]>
    </failure>
  </testcase> <!-- @BeforeMethod beforeMethod -->
  <testcase name="@BeforeMethod beforeMethod" time="0.051" classname="DailyScriptsAPIs_Bata.EasyPointsAccrualEOSS01">
    <failure type="java.lang.IllegalStateException" message="The driver executable does not exist: D:\home\harish\Harish\Jar files\chromedriver_linux64 (3)\chromedriver">
      <![CDATA[java.lang.IllegalStateException: The driver executable does not exist: D:\home\harish\Harish\Jar files\chromedriver_linux64 (3)\chromedriver
at com.google.common.base.Preconditions.checkState(Preconditions.java:199)
at org.openqa.selenium.remote.service.DriverService.checkExecutable(DriverService.java:117)
at org.openqa.selenium.remote.service.DriverService.findExecutable(DriverService.java:112)
at org.openqa.selenium.chrome.ChromeDriverService.createDefaultService(ChromeDriverService.java:89)
at org.openqa.selenium.chrome.ChromeDriver.<init>(ChromeDriver.java:117)
at DailyScriptsAPIs_Bata.EasyPointsAccrualEOSS01.beforeMethod(EasyPointsAccrualEOSS01.java:57)
at java.util.ArrayList.forEach(ArrayList.java:1259)
... Removed 31 stack frames]]>
    </failure>
  </testcase> <!-- @BeforeMethod beforeMethod -->
  <testcase name="@BeforeMethod beforeMethod" time="0.043" classname="DailyScriptsAPIs_Bata.EasyPointsAccrual01">
    <failure type="java.lang.IllegalStateException" message="The driver executable does not exist: D:\home\harish\Harish\Jar files\chromedriver_linux64 (3)\chromedriver">
      <![CDATA[java.lang.IllegalStateException: The driver executable does not exist: D:\home\harish\Harish\Jar files\chromedriver_linux64 (3)\chromedriver
at com.google.common.base.Preconditions.checkState(Preconditions.java:199)
at org.openqa.selenium.remote.service.DriverService.checkExecutable(DriverService.java:117)
at org.openqa.selenium.remote.service.DriverService.findExecutable(DriverService.java:112)
at org.openqa.selenium.chrome.ChromeDriverService.createDefaultService(ChromeDriverService.java:89)
at org.openqa.selenium.chrome.ChromeDriver.<init>(ChromeDriver.java:117)
at DailyScriptsAPIs_Bata.EasyPointsAccrual01.beforeMethod(EasyPointsAccrual01.java:58)
at java.util.ArrayList.forEach(ArrayList.java:1259)
... Removed 31 stack frames]]>
    </failure>
  </testcase> <!-- @BeforeMethod beforeMethod -->
  <testcase name="@BeforeMethod beforeMethod" time="0.049" classname="DailyScriptsAPIs_Bata.FlatEasyPointsAccrual01">
    <failure type="java.lang.IllegalStateException" message="The driver executable does not exist: D:\home\harish\Harish\Jar files\chromedriver_linux64 (3)\chromedriver">
      <![CDATA[java.lang.IllegalStateException: The driver executable does not exist: D:\home\harish\Harish\Jar files\chromedriver_linux64 (3)\chromedriver
at com.google.common.base.Preconditions.checkState(Preconditions.java:199)
at org.openqa.selenium.remote.service.DriverService.checkExecutable(DriverService.java:117)
at org.openqa.selenium.remote.service.DriverService.findExecutable(DriverService.java:112)
at org.openqa.selenium.chrome.ChromeDriverService.createDefaultService(ChromeDriverService.java:89)
at org.openqa.selenium.chrome.ChromeDriver.<init>(ChromeDriver.java:117)
at DailyScriptsAPIs_Bata.FlatEasyPointsAccrual01.beforeMethod(FlatEasyPointsAccrual01.java:53)
at java.util.ArrayList.forEach(ArrayList.java:1259)
... Removed 31 stack frames]]>
    </failure>
  </testcase> <!-- @BeforeMethod beforeMethod -->
  <testcase name="@BeforeMethod beforeMethod" time="0.058" classname="DailyScriptsAPIs_Bata.FlatEasyPointsRedemption01">
    <failure type="java.lang.IllegalStateException" message="The driver executable does not exist: D:\home\harish\Harish\Jar files\chromedriver_linux64 (3)\chromedriver">
      <![CDATA[java.lang.IllegalStateException: The driver executable does not exist: D:\home\harish\Harish\Jar files\chromedriver_linux64 (3)\chromedriver
at com.google.common.base.Preconditions.checkState(Preconditions.java:199)
at org.openqa.selenium.remote.service.DriverService.checkExecutable(DriverService.java:117)
at org.openqa.selenium.remote.service.DriverService.findExecutable(DriverService.java:112)
at org.openqa.selenium.chrome.ChromeDriverService.createDefaultService(ChromeDriverService.java:89)
at org.openqa.selenium.chrome.ChromeDriver.<init>(ChromeDriver.java:117)
at DailyScriptsAPIs_Bata.FlatEasyPointsRedemption01.beforeMethod(FlatEasyPointsRedemption01.java:46)
at java.util.ArrayList.forEach(ArrayList.java:1259)
... Removed 31 stack frames]]>
    </failure>
  </testcase> <!-- @BeforeMethod beforeMethod -->
  <testcase name="@BeforeMethod beforeMethod" time="0.053" classname="DailyScriptsAPIs_Bata.CreateEmployee01">
    <failure type="java.lang.IllegalStateException" message="The driver executable does not exist: D:\home\harish\Harish\Jar files\chromedriver_linux64 (3)\chromedriver">
      <![CDATA[java.lang.IllegalStateException: The driver executable does not exist: D:\home\harish\Harish\Jar files\chromedriver_linux64 (3)\chromedriver
at com.google.common.base.Preconditions.checkState(Preconditions.java:199)
at org.openqa.selenium.remote.service.DriverService.checkExecutable(DriverService.java:117)
at org.openqa.selenium.remote.service.DriverService.findExecutable(DriverService.java:112)
at org.openqa.selenium.chrome.ChromeDriverService.createDefaultService(ChromeDriverService.java:89)
at org.openqa.selenium.chrome.ChromeDriver.<init>(ChromeDriver.java:117)
at DailyScriptsAPIs_Bata.CreateEmployee01.beforeMethod(CreateEmployee01.java:48)
at java.util.ArrayList.forEach(ArrayList.java:1259)
... Removed 31 stack frames]]>
    </failure>
  </testcase> <!-- @BeforeMethod beforeMethod -->
  <testcase name="@BeforeMethod beforeMethod" time="0.058" classname="DailyScriptsAPIs_Bata.GenerateReferralCode01">
    <failure type="java.lang.IllegalStateException" message="The driver executable does not exist: D:\home\harish\Harish\Jar files\chromedriver_linux64 (3)\chromedriver">
      <![CDATA[java.lang.IllegalStateException: The driver executable does not exist: D:\home\harish\Harish\Jar files\chromedriver_linux64 (3)\chromedriver
at com.google.common.base.Preconditions.checkState(Preconditions.java:199)
at org.openqa.selenium.remote.service.DriverService.checkExecutable(DriverService.java:117)
at org.openqa.selenium.remote.service.DriverService.findExecutable(DriverService.java:112)
at org.openqa.selenium.chrome.ChromeDriverService.createDefaultService(ChromeDriverService.java:89)
at org.openqa.selenium.chrome.ChromeDriver.<init>(ChromeDriver.java:117)
at DailyScriptsAPIs_Bata.GenerateReferralCode01.beforeMethod(GenerateReferralCode01.java:46)
at java.util.ArrayList.forEach(ArrayList.java:1259)
... Removed 31 stack frames]]>
    </failure>
  </testcase> <!-- @BeforeMethod beforeMethod -->
  <testcase name="@BeforeMethod beforeMethod" time="0.053" classname="DailyScriptsAPIs_Bata.GetCustomerReferalCode01">
    <failure type="java.lang.IllegalStateException" message="The driver executable does not exist: D:\home\harish\Harish\Jar files\chromedriver_linux64 (3)\chromedriver">
      <![CDATA[java.lang.IllegalStateException: The driver executable does not exist: D:\home\harish\Harish\Jar files\chromedriver_linux64 (3)\chromedriver
at com.google.common.base.Preconditions.checkState(Preconditions.java:199)
at org.openqa.selenium.remote.service.DriverService.checkExecutable(DriverService.java:117)
at org.openqa.selenium.remote.service.DriverService.findExecutable(DriverService.java:112)
at org.openqa.selenium.chrome.ChromeDriverService.createDefaultService(ChromeDriverService.java:89)
at org.openqa.selenium.chrome.ChromeDriver.<init>(ChromeDriver.java:117)
at DailyScriptsAPIs_Bata.GetCustomerReferalCode01.beforeMethod(GetCustomerReferalCode01.java:48)
at java.util.ArrayList.forEach(ArrayList.java:1259)
... Removed 31 stack frames]]>
    </failure>
  </testcase> <!-- @BeforeMethod beforeMethod -->
  <testcase name="@BeforeMethod beforeMethod" time="0.053" classname="DailyScriptsAPIs_Bata.SaveChildrenDetails01">
    <failure type="java.lang.IllegalStateException" message="The driver executable does not exist: D:\home\harish\Harish\Jar files\chromedriver_linux64 (3)\chromedriver">
      <![CDATA[java.lang.IllegalStateException: The driver executable does not exist: D:\home\harish\Harish\Jar files\chromedriver_linux64 (3)\chromedriver
at com.google.common.base.Preconditions.checkState(Preconditions.java:199)
at org.openqa.selenium.remote.service.DriverService.checkExecutable(DriverService.java:117)
at org.openqa.selenium.remote.service.DriverService.findExecutable(DriverService.java:112)
at org.openqa.selenium.chrome.ChromeDriverService.createDefaultService(ChromeDriverService.java:89)
at org.openqa.selenium.chrome.ChromeDriver.<init>(ChromeDriver.java:117)
at DailyScriptsAPIs_Bata.SaveChildrenDetails01.beforeMethod(SaveChildrenDetails01.java:45)
at java.util.ArrayList.forEach(ArrayList.java:1259)
... Removed 31 stack frames]]>
    </failure>
  </testcase> <!-- @BeforeMethod beforeMethod -->
  <testcase name="f" time="0.166" classname="DailyScriptsAPIs_Bata.AssignTier">
    <failure type="java.lang.IllegalStateException" message="The driver executable does not exist: D:\home\harish\Harish\Jar files\chromedriver_linux64 (3)\chromedriver">
      <![CDATA[java.lang.IllegalStateException: The driver executable does not exist: D:\home\harish\Harish\Jar files\chromedriver_linux64 (3)\chromedriver
at com.google.common.base.Preconditions.checkState(Preconditions.java:199)
at org.openqa.selenium.remote.service.DriverService.checkExecutable(DriverService.java:117)
at org.openqa.selenium.remote.service.DriverService.findExecutable(DriverService.java:112)
at org.openqa.selenium.chrome.ChromeDriverService.createDefaultService(ChromeDriverService.java:89)
at org.openqa.selenium.chrome.ChromeDriver.<init>(ChromeDriver.java:117)
at DailyScriptsAPIs_Bata.AssignTier.f(AssignTier.java:43)
at java.util.ArrayList.forEach(ArrayList.java:1259)
... Removed 27 stack frames]]>
    </failure>
  </testcase> <!-- f -->
  <testcase name="f" time="0.0" classname="DailyScriptsAPIs_Bata.RegisterAccount01">
    <skipped/>
  </testcase> <!-- f -->
  <testcase name="f" time="0.0" classname="DailyScriptsAPIs_Bata.SearchMember01">
    <skipped/>
  </testcase> <!-- f -->
  <testcase name="f" time="0.0" classname="DailyScriptsAPIs_Bata.EasyPointsAccrualEOSS01">
    <skipped/>
  </testcase> <!-- f -->
  <testcase name="f" time="0.0" classname="DailyScriptsAPIs_Bata.EasyPointsAccrual01">
    <skipped/>
  </testcase> <!-- f -->
  <testcase name="f" time="0.0" classname="DailyScriptsAPIs_Bata.FlatEasyPointsAccrual01">
    <skipped/>
  </testcase> <!-- f -->
  <testcase name="f" time="0.0" classname="DailyScriptsAPIs_Bata.FlatEasyPointsRedemption01">
    <skipped/>
  </testcase> <!-- f -->
  <testcase name="f" time="0.0" classname="DailyScriptsAPIs_Bata.CreateEmployee01">
    <skipped/>
  </testcase> <!-- f -->
  <testcase name="wsGetCustomerTransactionDetails" time="0.07" classname="DailyScriptsAPIs_Bata.GetCustomerTransactionDetails">
    <failure type="java.lang.IllegalStateException" message="The driver executable does not exist: D:\home\harish\Harish\Jar files\chromedriver_linux64 (3)\chromedriver">
      <![CDATA[java.lang.IllegalStateException: The driver executable does not exist: D:\home\harish\Harish\Jar files\chromedriver_linux64 (3)\chromedriver
at com.google.common.base.Preconditions.checkState(Preconditions.java:199)
at org.openqa.selenium.remote.service.DriverService.checkExecutable(DriverService.java:117)
at org.openqa.selenium.remote.service.DriverService.findExecutable(DriverService.java:112)
at org.openqa.selenium.chrome.ChromeDriverService.createDefaultService(ChromeDriverService.java:89)
at org.openqa.selenium.chrome.ChromeDriver.<init>(ChromeDriver.java:117)
at DailyScriptsAPIs_Bata.GetCustomerTransactionDetails.wsGetCustomerTransactionDetails(GetCustomerTransactionDetails.java:49)
at java.util.ArrayList.forEach(ArrayList.java:1259)
... Removed 27 stack frames]]>
    </failure>
  </testcase> <!-- wsGetCustomerTransactionDetails -->
  <testcase name="f" time="0.0" classname="DailyScriptsAPIs_Bata.GenerateReferralCode01">
    <skipped/>
  </testcase> <!-- f -->
  <testcase name="f" time="0.0" classname="DailyScriptsAPIs_Bata.GetCustomerReferalCode01">
    <skipped/>
  </testcase> <!-- f -->
  <testcase name="f" time="0.0" classname="DailyScriptsAPIs_Bata.SaveChildrenDetails01">
    <skipped/>
  </testcase> <!-- f -->
  <testcase name="MergeGv" time="0.054" classname="DailyScriptsAPIs_Bata.MergeGV">
    <failure type="java.lang.IllegalStateException" message="The driver executable does not exist: D:\home\harish\Harish\Jar files\chromedriver_linux64 (3)\chromedriver">
      <![CDATA[java.lang.IllegalStateException: The driver executable does not exist: D:\home\harish\Harish\Jar files\chromedriver_linux64 (3)\chromedriver
at com.google.common.base.Preconditions.checkState(Preconditions.java:199)
at org.openqa.selenium.remote.service.DriverService.checkExecutable(DriverService.java:117)
at org.openqa.selenium.remote.service.DriverService.findExecutable(DriverService.java:112)
at org.openqa.selenium.chrome.ChromeDriverService.createDefaultService(ChromeDriverService.java:89)
at org.openqa.selenium.chrome.ChromeDriver.<init>(ChromeDriver.java:117)
at DailyScriptsAPIs_Bata.MergeGV.MergeGv(MergeGV.java:49)
at java.util.ArrayList.forEach(ArrayList.java:1259)
... Removed 27 stack frames]]>
    </failure>
  </testcase> <!-- MergeGv -->
</testsuite> <!-- Test -->
